<?xml version="1.0" encoding="UTF-8"?>
<testng-results ignored="0" total="1" passed="1" failed="0" skipped="0">
  <reporter-output>
  </reporter-output>
  <suite started-at="2024-07-12T23:06:34 EDT" name="Default suite" finished-at="2024-07-12T23:08:17 EDT" duration-ms="102091">
    <groups>
      <group name="cucumber">
        <method signature="AbstractTestNGCucumberTests.runScenario(io.cucumber.testng.PickleWrapper,io.cucumber.testng.FeatureWrapper)[pri:0, instance:runnerFile.Runner@2145b572]" name="runScenario" class="io.cucumber.testng.AbstractTestNGCucumberTests"/>
      </group> <!-- cucumber -->
    </groups>
    <test started-at="2024-07-12T23:06:34 EDT" name="Default test" finished-at="2024-07-12T23:08:17 EDT" duration-ms="102091">
      <class name="runnerFile.Runner">
        <test-method is-config="true" signature="setUpClass(org.testng.ITestContext)[pri:0, instance:runnerFile.Runner@2145b572]" started-at="2024-07-12T23:06:34 EDT" name="setUpClass" finished-at="2024-07-12T23:06:35 EDT" duration-ms="494" status="PASS">
          <params>
            <param index="0">
              <value>
                <![CDATA[org.testng.TestRunner@5a3a1bf9]]>
              </value>
            </param>
          </params>
          <reporter-output>
          </reporter-output>
        </test-method> <!-- setUpClass -->
        <test-method signature="runScenario(io.cucumber.testng.PickleWrapper,io.cucumber.testng.FeatureWrapper)[pri:0, instance:runnerFile.Runner@2145b572]" started-at="2024-07-12T23:06:35 EDT" name="runScenario" description="Runs Cucumber Scenarios" data-provider="scenarios" finished-at="2024-07-12T23:08:16 EDT" duration-ms="101345" status="PASS">
          <params>
            <param index="0">
              <value>
                <![CDATA["Successful Costco Dashboard Functionality"]]>
              </value>
            </param>
            <param index="1">
              <value>
                <![CDATA["Optional[Costco Dashboard Funct.]"]]>
              </value>
            </param>
          </params>
          <reporter-output>
          </reporter-output>
        </test-method> <!-- runScenario -->
        <test-method is-config="true" signature="tearDownClass()[pri:0, instance:runnerFile.Runner@2145b572]" started-at="2024-07-12T23:08:16 EDT" name="tearDownClass" finished-at="2024-07-12T23:08:17 EDT" duration-ms="213" status="PASS">
          <reporter-output>
          </reporter-output>
        </test-method> <!-- tearDownClass -->
      </class> <!-- runnerFile.Runner -->
    </test> <!-- Default test -->
  </suite> <!-- Default suite -->
</testng-results>
